[2026-07-11T02:58:16Z] matrix starting; aki 4db804f, NL=3
[2026-07-11T02:58:17Z] cell get_64b_p1_c512 start
[2026-07-11T03:04:56Z] cell get_64b_p1_c512 end
[2026-07-11T03:05:01Z] cell set_64b_p1_c512 start
[2026-07-11T03:11:12Z] cell set_64b_p1_c512 end
[2026-07-11T03:11:17Z] cell get_1k_p1_c512 start
[2026-07-11T03:18:33Z] cell get_1k_p1_c512 end
[2026-07-11T03:18:38Z] cell set_1k_p1_c512 start
[2026-07-11T03:24:53Z] cell set_1k_p1_c512 end
[2026-07-11T03:24:58Z] cell get_64b_p16_c512 start
[2026-07-11T03:31:42Z] cell get_64b_p16_c512 end
[2026-07-11T03:31:47Z] cell set_64b_p16_c512 start
[2026-07-11T03:38:15Z] cell set_64b_p16_c512 end
[2026-07-11T03:38:20Z] cell get_1k_p16_c512 start
[2026-07-11T03:45:35Z] cell get_1k_p16_c512 end
[2026-07-11T03:45:40Z] cell set_1k_p16_c512 start
[2026-07-11T03:51:45Z] cell set_1k_p16_c512 end
[2026-07-11T03:51:50Z] cell get_64b_p16_c50 start
[2026-07-11T03:58:47Z] cell get_64b_p16_c50 end
[2026-07-11T03:58:52Z] cell set_64b_p16_c50 start
[2026-07-11T04:05:29Z] cell set_64b_p16_c50 end
[2026-07-11T04:05:34Z] cell get_1k_p16_c50 start
[2026-07-11T04:12:44Z] cell get_1k_p16_c50 end
[2026-07-11T04:12:49Z] cell set_1k_p16_c50 start
[2026-07-11T04:18:53Z] cell set_1k_p16_c50 end
[2026-07-11T04:18:58Z] cell get_64b_p1_c50 start
[2026-07-11T04:25:07Z] cell get_64b_p1_c50 end
[2026-07-11T04:25:12Z] cell set_64b_p1_c50 start
[2026-07-11T04:30:51Z] cell set_64b_p1_c50 end
[2026-07-11T04:30:56Z] cell get_1k_p1_c50 start
[2026-07-11T04:37:39Z] cell get_1k_p1_c50 end
[2026-07-11T04:37:44Z] cell set_1k_p1_c50 start
[2026-07-11T04:43:26Z] cell set_1k_p1_c50 end
[2026-07-11T04:43:31Z] matrix complete: 16 cells done
