[2026-07-14T03:20:35Z] start set_16b_1m
[2026-07-14T03:22:16Z] end set_16b_1m
[2026-07-14T03:22:16Z] start set_64b_1m
[2026-07-14T03:23:56Z] end set_64b_1m
[2026-07-14T03:23:56Z] start set_256b_1m
[2026-07-14T03:25:36Z] end set_256b_1m
[2026-07-14T03:25:36Z] start set_1k_1m
[2026-07-14T03:27:17Z] end set_1k_1m
[2026-07-14T03:27:17Z] start set_4k_1m
[2026-07-14T03:28:58Z] end set_4k_1m
[2026-07-14T03:28:58Z] start set_64k_100k
[2026-07-14T03:30:40Z] end set_64k_100k
[2026-07-14T03:30:40Z] start set_1m_4k
[2026-07-14T03:32:21Z] end set_1m_4k
[2026-07-14T03:32:21Z] start get_16b_1m
[2026-07-14T03:34:09Z] end get_16b_1m
[2026-07-14T03:34:09Z] start get_64b_1m
[2026-07-14T03:35:59Z] end get_64b_1m
[2026-07-14T03:35:59Z] start get_256b_1m
[2026-07-14T03:37:50Z] end get_256b_1m
[2026-07-14T03:37:50Z] start get_1k_1m
[2026-07-14T03:39:52Z] end get_1k_1m
[2026-07-14T03:39:52Z] start get_4k_1m
[2026-07-14T03:42:35Z] end get_4k_1m
[2026-07-14T03:42:35Z] start get_64k_100k
[2026-07-14T03:45:00Z] end get_64k_100k
[2026-07-14T03:45:00Z] start get_1m_4k
[2026-07-14T03:46:57Z] end get_1m_4k
[2026-07-14T03:46:57Z] start set_64b_1k
[2026-07-14T03:48:37Z] end set_64b_1k
[2026-07-14T03:48:37Z] start set_64b_100k
[2026-07-14T03:50:17Z] end set_64b_100k
[2026-07-14T03:50:17Z] start get_64b_1k
[2026-07-14T03:51:57Z] end get_64b_1k
[2026-07-14T03:51:57Z] start get_64b_100k
[2026-07-14T03:53:38Z] end get_64b_100k
[2026-07-14T03:53:38Z] start incr_1k
[2026-07-14T03:55:18Z] end incr_1k
[2026-07-14T03:55:18Z] start incr_100k
[2026-07-14T03:56:58Z] end incr_100k
[2026-07-14T03:56:58Z] start incr_1m
[2026-07-14T03:58:38Z] end incr_1m
[2026-07-14T03:58:38Z] start set_64b_1m_zipf
[2026-07-14T04:00:19Z] end set_64b_1m_zipf
[2026-07-14T04:00:19Z] start get_64b_1m_zipf
[2026-07-14T04:02:09Z] end get_64b_1m_zipf
[2026-07-14T04:02:09Z] start set_1k_1m_zipf
[2026-07-14T04:03:50Z] end set_1k_1m_zipf
[2026-07-14T04:03:50Z] start get_1k_1m_zipf
[2026-07-14T04:05:51Z] end get_1k_1m_zipf
[2026-07-14T04:05:51Z] start mset_64b_1m
[2026-07-14T04:07:31Z] end mset_64b_1m
[2026-07-14T04:07:31Z] start getrange_1k_1m
[2026-07-14T04:09:32Z] end getrange_1k_1m
[2026-07-14T04:09:32Z] start getrange_64k_100k
[2026-07-14T04:11:56Z] end getrange_64k_100k
[2026-07-14T04:11:56Z] start append_grow_1m
[2026-07-14T04:13:37Z] end append_grow_1m
[2026-07-14T04:13:37Z] start mget_64b_1m
[2026-07-14T04:15:17Z] end mget_64b_1m
[2026-07-14T04:15:17Z] start getrange_rb_1k
[2026-07-14T04:16:07Z] end getrange_rb_1k
[2026-07-14T04:16:07Z] start getrange_rb_64k
[2026-07-14T04:17:31Z] end getrange_rb_64k
[2026-07-14T04:17:31Z] start setrange_rb_1k
[2026-07-14T04:18:19Z] end setrange_rb_1k
[2026-07-14T04:18:19Z] start setrange_rb_64k
[2026-07-14T04:19:40Z] end setrange_rb_64k
[2026-07-14T04:19:40Z] start append_rb_1k
[2026-07-14T04:20:33Z] end append_rb_1k
[2026-07-14T04:20:33Z] start append_rb_64k
[2026-07-14T04:21:54Z] end append_rb_64k
[2026-07-14T04:21:54Z] start hot_set
[2026-07-14T04:23:34Z] end hot_set
[2026-07-14T04:23:34Z] start hot_incr
[2026-07-14T04:25:14Z] end hot_incr
[2026-07-14T04:25:14Z] start p1_set_64b_c50
[2026-07-14T04:26:53Z] end p1_set_64b_c50
[2026-07-14T06:27:46Z] skip set_16b_1m
[2026-07-14T06:27:46Z] skip set_64b_1m
[2026-07-14T06:27:46Z] skip set_256b_1m
[2026-07-14T06:27:46Z] skip set_1k_1m
[2026-07-14T06:27:46Z] skip set_4k_1m
[2026-07-14T06:27:46Z] skip set_64k_100k
[2026-07-14T06:27:46Z] skip set_1m_4k
[2026-07-14T06:27:46Z] skip get_16b_1m
[2026-07-14T06:27:46Z] skip get_64b_1m
[2026-07-14T06:27:46Z] skip get_256b_1m
[2026-07-14T06:27:46Z] skip get_1k_1m
[2026-07-14T06:27:46Z] skip get_4k_1m
[2026-07-14T06:27:46Z] skip get_64k_100k
[2026-07-14T06:27:46Z] skip get_1m_4k
[2026-07-14T06:27:46Z] skip set_64b_1k
[2026-07-14T06:27:46Z] skip set_64b_100k
[2026-07-14T06:27:46Z] skip get_64b_1k
[2026-07-14T06:27:46Z] skip get_64b_100k
[2026-07-14T06:27:46Z] skip incr_1k
[2026-07-14T06:27:46Z] skip incr_100k
[2026-07-14T06:27:46Z] skip incr_1m
[2026-07-14T06:27:46Z] skip set_64b_1m_zipf
[2026-07-14T06:27:46Z] skip get_64b_1m_zipf
[2026-07-14T06:27:46Z] skip set_1k_1m_zipf
[2026-07-14T06:27:46Z] skip get_1k_1m_zipf
[2026-07-14T06:27:46Z] skip mset_64b_1m
[2026-07-14T06:27:46Z] skip getrange_1k_1m
[2026-07-14T06:27:46Z] skip getrange_64k_100k
[2026-07-14T06:27:46Z] skip append_grow_1m
[2026-07-14T06:27:46Z] skip mget_64b_1m
[2026-07-14T06:27:46Z] skip getrange_rb_1k
[2026-07-14T06:27:46Z] skip getrange_rb_64k
[2026-07-14T06:27:46Z] skip setrange_rb_1k
[2026-07-14T06:27:46Z] skip setrange_rb_64k
[2026-07-14T06:27:46Z] skip append_rb_1k
[2026-07-14T06:27:46Z] skip append_rb_64k
[2026-07-14T06:27:46Z] skip hot_set
[2026-07-14T06:27:46Z] skip hot_incr
[2026-07-14T06:27:46Z] skip p1_set_64b_c50
[2026-07-14T06:27:46Z] start p1_set_64b_c512
[2026-07-14T06:29:27Z] end p1_set_64b_c512
[2026-07-14T06:29:27Z] start ltm_get
[2026-07-14T06:32:35Z] end ltm_get
[2026-07-14T06:32:35Z] start ltm_set
[2026-07-14T06:35:18Z] end ltm_set
[2026-07-14T06:35:18Z] complete 42 profiles
[2026-07-14T08:35:54Z] skip set_16b_1m
[2026-07-14T08:35:54Z] skip set_64b_1m
[2026-07-14T08:35:54Z] skip set_256b_1m
[2026-07-14T08:35:54Z] skip set_1k_1m
[2026-07-14T08:35:54Z] skip set_4k_1m
[2026-07-14T08:35:54Z] skip set_64k_100k
[2026-07-14T08:35:54Z] skip set_1m_4k
[2026-07-14T08:35:54Z] skip get_16b_1m
[2026-07-14T08:35:54Z] skip get_64b_1m
[2026-07-14T08:35:54Z] skip get_256b_1m
[2026-07-14T08:35:54Z] skip get_1k_1m
[2026-07-14T08:35:54Z] skip get_4k_1m
[2026-07-14T08:35:54Z] skip get_64k_100k
[2026-07-14T08:35:54Z] skip get_1m_4k
[2026-07-14T08:35:54Z] skip set_64b_1k
[2026-07-14T08:35:54Z] skip set_64b_100k
[2026-07-14T08:35:54Z] skip get_64b_1k
[2026-07-14T08:35:54Z] skip get_64b_100k
[2026-07-14T08:35:54Z] skip incr_1k
[2026-07-14T08:35:54Z] skip incr_100k
[2026-07-14T08:35:54Z] skip incr_1m
[2026-07-14T08:35:54Z] skip set_64b_1m_zipf
[2026-07-14T08:35:54Z] skip get_64b_1m_zipf
[2026-07-14T08:35:54Z] skip set_1k_1m_zipf
[2026-07-14T08:35:54Z] skip get_1k_1m_zipf
[2026-07-14T08:35:54Z] skip mset_64b_1m
[2026-07-14T08:35:54Z] skip getrange_1k_1m
[2026-07-14T08:35:54Z] skip getrange_64k_100k
[2026-07-14T08:35:54Z] skip append_grow_1m
[2026-07-14T08:35:54Z] skip mget_64b_1m
[2026-07-14T08:35:54Z] skip getrange_rb_1k
[2026-07-14T08:35:54Z] skip getrange_rb_64k
[2026-07-14T08:35:54Z] skip setrange_rb_1k
[2026-07-14T08:35:54Z] skip setrange_rb_64k
[2026-07-14T08:35:54Z] skip append_rb_1k
[2026-07-14T08:35:54Z] skip append_rb_64k
[2026-07-14T08:35:54Z] skip hot_set
[2026-07-14T08:35:54Z] skip hot_incr
[2026-07-14T08:35:54Z] skip p1_set_64b_c50
[2026-07-14T08:35:54Z] skip p1_set_64b_c512
[2026-07-14T08:35:54Z] skip ltm_get
[2026-07-14T08:35:54Z] skip ltm_set
[2026-07-14T08:35:54Z] start sweep_set_256b_zipf
[2026-07-14T08:37:35Z] end sweep_set_256b_zipf
[2026-07-14T08:37:35Z] start sweep_get_256b_zipf
[2026-07-14T08:39:27Z] end sweep_get_256b_zipf
[2026-07-14T08:39:27Z] start sweep_set_4k_zipf
[2026-07-14T08:41:08Z] end sweep_set_4k_zipf
[2026-07-14T09:17:14Z] skip set_16b_1m
[2026-07-14T09:17:14Z] skip set_64b_1m
[2026-07-14T09:17:14Z] skip set_256b_1m
[2026-07-14T09:17:14Z] skip set_1k_1m
[2026-07-14T09:17:14Z] skip set_4k_1m
[2026-07-14T09:17:14Z] skip set_64k_100k
[2026-07-14T09:17:14Z] skip set_1m_4k
[2026-07-14T09:17:14Z] skip get_16b_1m
[2026-07-14T09:17:14Z] skip get_64b_1m
[2026-07-14T09:17:14Z] skip get_256b_1m
[2026-07-14T09:17:14Z] skip get_1k_1m
[2026-07-14T09:17:14Z] skip get_4k_1m
[2026-07-14T09:17:14Z] skip get_64k_100k
[2026-07-14T09:17:14Z] skip get_1m_4k
[2026-07-14T09:17:14Z] skip set_64b_1k
[2026-07-14T09:17:14Z] skip set_64b_100k
[2026-07-14T09:17:14Z] skip get_64b_1k
[2026-07-14T09:17:14Z] skip get_64b_100k
[2026-07-14T09:17:14Z] skip incr_1k
[2026-07-14T09:17:14Z] skip incr_100k
[2026-07-14T09:17:14Z] skip incr_1m
[2026-07-14T09:17:14Z] skip set_64b_1m_zipf
[2026-07-14T09:17:14Z] skip get_64b_1m_zipf
[2026-07-14T09:17:14Z] skip set_1k_1m_zipf
[2026-07-14T09:17:14Z] skip get_1k_1m_zipf
[2026-07-14T09:17:14Z] skip mset_64b_1m
[2026-07-14T09:17:15Z] skip getrange_1k_1m
[2026-07-14T09:17:15Z] skip getrange_64k_100k
[2026-07-14T09:17:15Z] skip append_grow_1m
[2026-07-14T09:17:15Z] skip mget_64b_1m
[2026-07-14T09:17:15Z] skip getrange_rb_1k
[2026-07-14T09:17:15Z] skip getrange_rb_64k
[2026-07-14T09:17:15Z] skip setrange_rb_1k
[2026-07-14T09:17:15Z] skip setrange_rb_64k
[2026-07-14T09:17:15Z] skip append_rb_1k
[2026-07-14T09:17:15Z] skip append_rb_64k
[2026-07-14T09:17:15Z] skip hot_set
[2026-07-14T09:17:15Z] skip hot_incr
[2026-07-14T09:17:15Z] skip p1_set_64b_c50
[2026-07-14T09:17:15Z] skip p1_set_64b_c512
[2026-07-14T09:17:15Z] skip ltm_get
[2026-07-14T09:17:15Z] skip ltm_set
[2026-07-14T09:17:15Z] skip sweep_set_256b_zipf
[2026-07-14T09:17:15Z] skip sweep_get_256b_zipf
[2026-07-14T09:17:15Z] skip sweep_set_4k_zipf
[2026-07-14T09:17:15Z] start sweep_get_4k_zipf
[2026-07-14T09:19:58Z] end sweep_get_4k_zipf
[2026-07-14T09:19:58Z] start sweep_set_64b_c50
[2026-07-14T09:21:38Z] end sweep_set_64b_c50
[2026-07-14T09:21:38Z] start sweep_get_64b_c50
[2026-07-14T09:23:26Z] end sweep_get_64b_c50
[2026-07-14T09:23:26Z] start sweep_mixed_64b
[2026-07-14T09:25:16Z] end sweep_mixed_64b
[2026-07-14T09:25:16Z] start all32_set_64b
[2026-07-14T09:26:56Z] end all32_set_64b
[2026-07-14T09:26:56Z] start all32_get_64b
[2026-07-14T09:28:46Z] end all32_get_64b
[2026-07-14T09:28:46Z] complete 51 profiles
